c:\dev\leveldb\debug\leveldb.pdb
c:\dev\leveldb\debug\leveldb.idb
c:\dev\leveldb\debug\table.obj
c:\dev\leveldb\debug\table_builder.obj
c:\dev\leveldb\debug\two_level_iterator.obj
c:\dev\leveldb\debug\arena.obj
c:\dev\leveldb\debug\bloom.obj
c:\dev\leveldb\debug\cache.obj
c:\dev\leveldb\debug\coding.obj
c:\dev\leveldb\debug\comparator.obj
c:\dev\leveldb\debug\crc32c.obj
c:\dev\leveldb\debug\env.obj
c:\dev\leveldb\debug\env_boost.obj
c:\dev\leveldb\debug\filter_policy.obj
c:\dev\leveldb\debug\hash.obj
c:\dev\leveldb\debug\histogram.obj
c:\dev\leveldb\debug\logging.obj
c:\dev\leveldb\debug\options.obj
c:\dev\leveldb\debug\status.obj
c:\dev\leveldb\debug\testharness.obj
c:\dev\leveldb\debug\testutil.obj
c:\dev\leveldb\debug\win_logger.obj
c:\dev\leveldb\debug\dumpfile.obj
c:\dev\leveldb\debug\filename.obj
c:\dev\leveldb\debug\leveldb_main.obj
c:\dev\leveldb\debug\log_reader.obj
c:\dev\leveldb\debug\log_writer.obj
c:\dev\leveldb\debug\memtable.obj
c:\dev\leveldb\debug\repair.obj
c:\dev\leveldb\debug\table_cache.obj
c:\dev\leveldb\debug\version_edit.obj
c:\dev\leveldb\debug\version_set.obj
c:\dev\leveldb\debug\write_batch.obj
c:\dev\leveldb\debug\memenv.obj
c:\dev\leveldb\debug\port_win.obj
c:\dev\leveldb\debug\sha1_portable.obj
c:\dev\leveldb\debug\block.obj
c:\dev\leveldb\debug\block_builder.obj
c:\dev\leveldb\debug\filter_block.obj
c:\dev\leveldb\debug\format.obj
c:\dev\leveldb\debug\iterator.obj
c:\dev\leveldb\debug\merger.obj
c:\dev\leveldb\debug\builder.obj
c:\dev\leveldb\debug\c.obj
c:\dev\leveldb\debug\dbformat.obj
c:\dev\leveldb\debug\db_impl.obj
c:\dev\leveldb\debug\db_iter.obj
c:\dev\leveldb\debug\leveldb.lib
c:\dev\leveldb\debug\leveldb_test.ilk
c:\dev\leveldb\debug\leveldb_test.pdb
c:\dev\leveldb\debug\leveldb.tlog\cl.command.1.tlog
c:\dev\leveldb\debug\leveldb.tlog\cl.read.1.tlog
c:\dev\leveldb\debug\leveldb.tlog\cl.write.1.tlog
c:\dev\leveldb\debug\leveldb.tlog\lib-link.read.1.tlog
c:\dev\leveldb\debug\leveldb.tlog\lib-link.write.1.tlog
c:\dev\leveldb\debug\leveldb.tlog\lib.command.1.tlog
